<?xml version="1.0" encoding="UTF-8"?>
<testsuites name="Mocha Tests" time="97.8810" tests="1" failures="0">
  <testsuite name="Root Suite" timestamp="2021-05-15T10:59:43" tests="0" file="cypress/integration/cucumber-tests/AirtimeTopup.feature" time="0.0000" failures="0">
  </testsuite>
  <testsuite name="Airtime TopUp" timestamp="2021-05-15T10:59:43" tests="1" time="97.8810" failures="0">
    <testcase name="Airtime TopUp Airtime TopUp" time="97.8810" classname="Airtime TopUp">
    </testcase>
  </testsuite>
</testsuites>