<?xml version="1.0" encoding="UTF-8"?>
<testsuites name="Mocha Tests" time="116.5170" tests="3" failures="0" skipped="2">
  <testsuite name="Root Suite" timestamp="2021-05-06T11:09:58" tests="0" file="cypress/integration/cucumber-tests/Transfer.feature" time="0.0000" failures="0">
  </testsuite>
  <testsuite name="Trnasfers" timestamp="2021-05-06T11:09:58" tests="3" time="116.5170" failures="0">
    <testcase name="Trnasfers Transfer to @Ease Account" time="116.5170" classname="Transfer to @Ease Account">
    </testcase>
  </testsuite>
</testsuites>