<?xml version="1.0" encoding="UTF-8"?>
<testsuites name="Mocha Tests" time="103.6850" tests="3" failures="0" skipped="2">
  <testsuite name="Root Suite" timestamp="2021-05-05T13:10:05" tests="0" file="cypress/integration/cucumber-tests/Transfer.feature" time="0.0000" failures="0">
  </testsuite>
  <testsuite name="Trnasfers" timestamp="2021-05-05T13:10:05" tests="3" time="103.6850" failures="0">
    <testcase name="Trnasfers Transfer to @Ease Account" time="103.6850" classname="Transfer to @Ease Account">
    </testcase>
  </testsuite>
</testsuites>