<?xml version="1.0" encoding="UTF-8"?>
<testsuites name="Mocha Tests" time="104.1480" tests="1" failures="0">
  <testsuite name="Root Suite" timestamp="2021-05-14T20:48:11" tests="0" file="cypress/integration/cucumber-tests/ServiceRequest.feature" time="0.0000" failures="0">
  </testsuite>
  <testsuite name="Service Request" timestamp="2021-05-14T20:48:11" tests="1" time="104.1480" failures="0">
    <testcase name="Service Request Verify all service request functionalities" time="104.1480" classname="Verify all service request functionalities">
    </testcase>
  </testsuite>
</testsuites>