<?xml version="1.0" encoding="UTF-8"?>
<testsuites name="Mocha Tests" time="72.4240" tests="1" failures="0">
  <testsuite name="Root Suite" timestamp="2021-05-15T13:18:33" tests="0" file="cypress/integration/cucumber-tests/Beneficiaries.feature" time="0.0000" failures="0">
  </testsuite>
  <testsuite name="Beneficiaries" timestamp="2021-05-15T13:18:33" tests="1" time="72.4240" failures="0">
    <testcase name="Beneficiaries Add / Remove Beneficiaries" time="72.4240" classname="Add / Remove Beneficiaries">
    </testcase>
  </testsuite>
</testsuites>