<?xml version="1.0" encoding="UTF-8"?>
<testsuites name="Mocha Tests" time="79.0600" tests="1" failures="0">
  <testsuite name="Root Suite" timestamp="2021-05-15T15:31:06" tests="0" file="cypress/integration/cucumber-tests/Beneficiaries.feature" time="0.0000" failures="0">
  </testsuite>
  <testsuite name="Beneficiaries" timestamp="2021-05-15T15:31:06" tests="1" time="79.0600" failures="0">
    <testcase name="Beneficiaries Add / Remove Beneficiaries" time="79.0600" classname="Add / Remove Beneficiaries">
    </testcase>
  </testsuite>
</testsuites>