<?xml version="1.0" encoding="UTF-8"?>
<testsuites name="Mocha Tests" time="96.1550" tests="1" failures="0">
  <testsuite name="Root Suite" timestamp="2021-05-14T21:36:13" tests="0" file="cypress/integration/cucumber-tests/ServiceRequest.feature" time="0.0000" failures="0">
  </testsuite>
  <testsuite name="Service Request" timestamp="2021-05-14T21:36:14" tests="1" time="96.1550" failures="0">
    <testcase name="Service Request Verify all service request functionalities" time="96.1550" classname="Verify all service request functionalities">
    </testcase>
  </testsuite>
</testsuites>