<?xml version="1.0" encoding="UTF-8"?>
<testsuites name="Mocha Tests" time="11.9270" tests="1" failures="0">
  <testsuite name="Root Suite" timestamp="2021-05-18T22:42:56" tests="0" file="cypress/integration/cucumber-tests/UpdateProfile.feature" time="0.0000" failures="0">
  </testsuite>
  <testsuite name="UpdateProfile" timestamp="2021-05-18T22:42:57" tests="1" time="11.9270" failures="0">
    <testcase name="UpdateProfile Update profile Fullname and Username" time="11.9270" classname="Update profile Fullname and Username">
    </testcase>
  </testsuite>
</testsuites>