<?xml version="1.0" encoding="UTF-8"?>
<testsuites name="Mocha Tests" time="11.4560" tests="1" failures="0">
  <testsuite name="Root Suite" timestamp="2021-05-18T22:41:51" tests="0" file="cypress/integration/cucumber-tests/Logout.feature" time="0.0000" failures="0">
  </testsuite>
  <testsuite name="Logout" timestamp="2021-05-18T22:41:51" tests="1" time="11.4560" failures="0">
    <testcase name="Logout Logout" time="11.4560" classname="Logout">
    </testcase>
  </testsuite>
</testsuites>