<?xml version="1.0" encoding="UTF-8"?>
<testsuites name="Mocha Tests" time="312.1870" tests="3" failures="0">
  <testsuite name="Root Suite" timestamp="2021-05-15T15:36:31" tests="0" file="cypress/integration/cucumber-tests/Transfer.feature" time="0.0000" failures="0">
  </testsuite>
  <testsuite name="Trnasfers" timestamp="2021-05-15T15:36:31" tests="3" time="312.1870" failures="0">
    <testcase name="Trnasfers Transfer to Others" time="123.0530" classname="Transfer to Others">
    </testcase>
    <testcase name="Trnasfers Transfer to Self" time="89.5120" classname="Transfer to Self">
    </testcase>
    <testcase name="Trnasfers Transfer to @Ease Account" time="99.6220" classname="Transfer to @Ease Account">
    </testcase>
  </testsuite>
</testsuites>